<?xml version="1.0" encoding="UTF-8"?>
<!-- Generated by org.testng.reporters.JUnitReportReporter -->
<testsuite skipped="0" hostname="ATMECSINLT-135" name="com.atmecs.toolsqa.testscripts.TestColorFilter" tests="2" failures="1" timestamp="28 Aug 2019 13:28:30 GMT" time="106.524" errors="0">
  <testcase name="testColorFilterAndVerifyProductError" time="79.178" classname="com.atmecs.toolsqa.testscripts.TestColorFilter"/>
  <testcase name="testColorFilterAndVerifyProduct" time="27.346" classname="com.atmecs.toolsqa.testscripts.TestColorFilter">
    <failure type="java.lang.AssertionError" message="Verify after selecting color filter product appears">
      <![CDATA[java.lang.AssertionError: Verify after selecting color filter product appears
at org.testng.Assert.fail(Assert.java:96)
at com.atmecs.toolsqa.utils.VerifyResult.verifyTrueAndStopTest(VerifyResult.java:47)
at com.atmecs.toolsqa.testscripts.TestColorFilter.testColorFilterAndVerifyProduct(TestColorFilter.java:38)
at sun.reflect.NativeMethodAccessorImpl.invoke0(Native Method)
at sun.reflect.NativeMethodAccessorImpl.invoke(NativeMethodAccessorImpl.java:62)
at sun.reflect.DelegatingMethodAccessorImpl.invoke(DelegatingMethodAccessorImpl.java:43)
at java.lang.reflect.Method.invoke(Method.java:498)
at org.testng.internal.MethodInvocationHelper.invokeMethod(MethodInvocationHelper.java:124)
at org.testng.internal.Invoker.invokeMethod(Invoker.java:580)
at org.testng.internal.Invoker.invokeTestMethod(Invoker.java:716)
at org.testng.internal.Invoker.invokeTestMethods(Invoker.java:988)
at org.testng.internal.TestMethodWorker.invokeTestMethods(TestMethodWorker.java:125)
at org.testng.internal.TestMethodWorker.run(TestMethodWorker.java:109)
at org.testng.TestRunner.privateRun(TestRunner.java:648)
at org.testng.TestRunner.run(TestRunner.java:505)
at org.testng.SuiteRunner.runTest(SuiteRunner.java:455)
at org.testng.SuiteRunner.runSequentially(SuiteRunner.java:450)
at org.testng.SuiteRunner.privateRun(SuiteRunner.java:415)
at org.testng.SuiteRunner.run(SuiteRunner.java:364)
at org.testng.SuiteRunnerWorker.runSuite(SuiteRunnerWorker.java:52)
at org.testng.SuiteRunnerWorker.run(SuiteRunnerWorker.java:84)
at org.testng.TestNG.runSuitesSequentially(TestNG.java:1208)
at org.testng.TestNG.runSuitesSequentially(TestNG.java:1204)
at org.testng.TestNG.runSuitesLocally(TestNG.java:1137)
at org.testng.TestNG.runSuites(TestNG.java:1049)
at org.testng.TestNG.run(TestNG.java:1017)
at org.testng.remote.AbstractRemoteTestNG.run(AbstractRemoteTestNG.java:115)
at org.testng.remote.RemoteTestNG.initAndRun(RemoteTestNG.java:251)
at org.testng.remote.RemoteTestNG.main(RemoteTestNG.java:77)
]]>
    </failure>
  </testcase> <!-- testColorFilterAndVerifyProduct -->
</testsuite> <!-- com.atmecs.toolsqa.testscripts.TestColorFilter -->
